12-19-2016 @ 02:11:22 - Queuing 2.6.0 - wc_update_260_options
12-19-2016 @ 02:11:22 - Queuing 2.6.0 - wc_update_260_termmeta
12-19-2016 @ 02:11:22 - Queuing 2.6.0 - wc_update_260_zones
12-19-2016 @ 02:11:22 - Queuing 2.6.0 - wc_update_260_zone_methods
12-19-2016 @ 02:11:22 - Queuing 2.6.0 - wc_update_260_refunds
12-19-2016 @ 02:11:22 - Queuing 2.6.0 - wc_update_260_db_version
12-19-2016 @ 02:11:24 - Running wc_update_260_options callback
12-19-2016 @ 02:11:24 - Finished wc_update_260_options callback
12-19-2016 @ 02:11:24 - Running wc_update_260_termmeta callback
12-19-2016 @ 02:11:24 - Finished wc_update_260_termmeta callback
12-19-2016 @ 02:11:24 - Running wc_update_260_zones callback
12-19-2016 @ 02:11:24 - Finished wc_update_260_zones callback
12-19-2016 @ 02:11:24 - Running wc_update_260_zone_methods callback
12-19-2016 @ 02:11:24 - Finished wc_update_260_zone_methods callback
12-19-2016 @ 02:11:24 - Running wc_update_260_refunds callback
12-19-2016 @ 02:11:24 - Finished wc_update_260_refunds callback
12-19-2016 @ 02:11:24 - Running wc_update_260_db_version callback
12-19-2016 @ 02:11:24 - Finished wc_update_260_db_version callback
12-19-2016 @ 02:11:24 - Data update complete
2018-01-31T08:38:33+00:00 INFO Queuing 3.0.0 - wc_update_300_webhooks
2018-01-31T08:38:33+00:00 INFO Queuing 3.0.0 - wc_update_300_grouped_products
2018-01-31T08:38:33+00:00 INFO Queuing 3.0.0 - wc_update_300_settings
2018-01-31T08:38:33+00:00 INFO Queuing 3.0.0 - wc_update_300_product_visibility
2018-01-31T08:38:33+00:00 INFO Queuing 3.0.0 - wc_update_300_db_version
2018-01-31T08:38:35+00:00 INFO Running wc_update_300_webhooks callback
2018-01-31T08:38:35+00:00 INFO Finished wc_update_300_webhooks callback
2018-01-31T08:38:35+00:00 INFO Running wc_update_300_grouped_products callback
2018-01-31T08:38:35+00:00 INFO Finished wc_update_300_grouped_products callback
2018-01-31T08:38:35+00:00 INFO Running wc_update_300_settings callback
2018-01-31T08:38:35+00:00 INFO Finished wc_update_300_settings callback
2018-01-31T08:38:35+00:00 INFO Running wc_update_300_product_visibility callback
2018-01-31T08:38:35+00:00 INFO Finished wc_update_300_product_visibility callback
2018-01-31T08:38:35+00:00 INFO Running wc_update_300_db_version callback
2018-01-31T08:38:35+00:00 INFO Finished wc_update_300_db_version callback
2018-01-31T08:38:35+00:00 INFO Data update complete
